<?xml version="1.0" encoding="UTF-8"?>
<!-- Generated by org.testng.reporters.JUnitReportReporter -->
<testsuite hostname="scheveningen.local" name="com.fola.finance.model.MoneyTest" tests="8" failures="0" timestamp="15 Feb 2016 06:07:11 GMT" time="0.046" errors="0">
  <testcase name="equals" time="0.002" classname="com.fola.finance.model.MoneyTest"/>
  <testcase name="getCurrency" time="0.001" classname="com.fola.finance.model.MoneyTest"/>
  <testcase name="constructorShouldSetAmountAndCurrency" time="0.035" classname="com.fola.finance.model.MoneyTest"/>
  <testcase name="testNullAndObjectNotEquals" time="0.002" classname="com.fola.finance.model.MoneyTest"/>
  <testcase name="getAmount" time="0.000" classname="com.fola.finance.model.MoneyTest"/>
  <testcase name="equals" time="0.002" classname="com.fola.finance.model.MoneyTest"/>
  <testcase name="notEquals" time="0.003" classname="com.fola.finance.model.MoneyTest"/>
  <testcase name="constructorShouldSetAmountAndCurrency" time="0.001" classname="com.fola.finance.model.MoneyTest"/>
</testsuite> <!-- com.fola.finance.model.MoneyTest -->
