<?xml version="1.0" encoding="UTF-8"?>
<!-- Generated by org.testng.reporters.JUnitReportReporter -->
<testsuite hostname="scheveningen.local" name="com.fola.finance.dataaccess.ClientDAOTest" tests="2" failures="0" timestamp="13 Feb 2016 23:19:21 GMT" time="0.052" errors="0">
  <testcase name="saveBonusHistory" time="0.007" classname="com.fola.finance.dataaccess.ClientDAOTest"/>
  <testcase name="getClientType" time="0.045" classname="com.fola.finance.dataaccess.ClientDAOTest"/>
</testsuite> <!-- com.fola.finance.dataaccess.ClientDAOTest -->
