<?xml version="1.0" encoding="UTF-8"?>
<!-- Generated by org.testng.reporters.JUnitReportReporter -->
<testsuite hostname="scheveningen.local" name="com.fola.finance.service.FinancialServiceTest" tests="1" failures="0" timestamp="14 Feb 2016 18:15:48 GMT" time="0.507" errors="0">
  <testcase name="calculateBonusShouldReturnCorrectBonusForValidId" time="0.507" classname="com.fola.finance.service.FinancialServiceTest"/>
</testsuite> <!-- com.fola.finance.service.FinancialServiceTest -->
