<?xml version="1.0" encoding="UTF-8"?>
<!-- Generated by org.testng.reporters.JUnitReportReporter -->
<testsuite hostname="scheveningen.local" name="com.packtpub.junit.recap.SanityTest" tests="2" failures="0" timestamp="13 Feb 2016 10:39:37 GMT" time="0.013" errors="0">
  <testcase name="someTest" time="0.011" classname="com.packtpub.junit.recap.SanityTest"/>
  <testcase name="someTest2" time="0.002" classname="com.packtpub.junit.recap.SanityTest"/>
</testsuite> <!-- com.packtpub.junit.recap.SanityTest -->
